GROUP,PACKAGE,CLASS,INSTRUCTION_MISSED,INSTRUCTION_COVERED,BRANCH_MISSED,BRANCH_COVERED,LINE_MISSED,LINE_COVERED,COMPLEXITY_MISSED,COMPLEXITY_COVERED,METHOD_MISSED,METHOD_COVERED
ClubeDesportivo,upskill.clubedesportivo,AtletaAmador,22,20,0,0,13,6,9,2,9,2
ClubeDesportivo,upskill.clubedesportivo,Atleta,88,146,6,16,22,31,21,12,15,7
ClubeDesportivo,upskill.clubedesportivo,AtletaPro,36,19,0,0,10,5,7,2,7,2
ClubeDesportivo,upskill.clubedesportivo,MainClubeDesportivo,97,0,6,0,9,0,5,0,2,0
ClubeDesportivo,upskill.clubedesportivo,AtletaNaoPro,49,26,0,0,22,9,15,2,15,2
ClubeDesportivo,upskill.clubedesportivo,AtletaSemiPro,12,16,0,0,7,4,5,2,5,2
