GROUP,PACKAGE,CLASS,INSTRUCTION_MISSED,INSTRUCTION_COVERED,BRANCH_MISSED,BRANCH_COVERED,LINE_MISSED,LINE_COVERED,COMPLEXITY_MISSED,COMPLEXITY_COVERED,METHOD_MISSED,METHOD_COVERED
ClubeDesportivo,upskill.clubedesportivo,ClubeDesportivo,135,0,12,0,39,0,19,0,13,0
ClubeDesportivo,upskill.clubedesportivo,AtletaAmador,33,62,1,5,18,14,12,6,11,4
ClubeDesportivo,upskill.clubedesportivo,Atleta,111,245,19,27,31,53,29,22,12,16
ClubeDesportivo,upskill.clubedesportivo,OrdenarPremios,9,0,0,0,2,0,2,0,2,0
ClubeDesportivo,upskill.clubedesportivo,AtletaPro,91,36,10,0,26,8,16,3,11,3
ClubeDesportivo,upskill.clubedesportivo,MainClubeDesportivo,424,0,42,0,77,0,28,0,4,0
ClubeDesportivo,upskill.clubedesportivo,AtletaNaoPro,62,76,5,11,27,17,21,8,16,5
ClubeDesportivo,upskill.clubedesportivo,AtletaSemiPro,33,26,4,0,15,5,10,3,8,3
