GROUP,PACKAGE,CLASS,INSTRUCTION_MISSED,INSTRUCTION_COVERED,BRANCH_MISSED,BRANCH_COVERED,LINE_MISSED,LINE_COVERED,COMPLEXITY_MISSED,COMPLEXITY_COVERED,METHOD_MISSED,METHOD_COVERED
ClubeDesportivo,upskill.clubedesportivo,ClubeDesportivo,135,0,12,0,39,0,19,0,13,0
ClubeDesportivo,upskill.clubedesportivo,AtletaAmador,45,50,4,2,22,10,14,4,12,3
ClubeDesportivo,upskill.clubedesportivo,Atleta,190,166,30,16,48,36,37,14,19,9
ClubeDesportivo,upskill.clubedesportivo,OrdenarPremios,9,0,0,0,2,0,2,0,2,0
ClubeDesportivo,upskill.clubedesportivo,AtletaPro,91,36,10,0,26,8,16,3,11,3
ClubeDesportivo,upskill.clubedesportivo,MainClubeDesportivo,389,0,38,0,70,0,26,0,4,0
ClubeDesportivo,upskill.clubedesportivo,AtletaNaoPro,89,49,10,6,34,10,24,5,18,3
ClubeDesportivo,upskill.clubedesportivo,AtletaSemiPro,33,26,4,0,15,5,10,3,8,3
