GROUP,PACKAGE,CLASS,INSTRUCTION_MISSED,INSTRUCTION_COVERED,BRANCH_MISSED,BRANCH_COVERED,LINE_MISSED,LINE_COVERED,COMPLEXITY_MISSED,COMPLEXITY_COVERED,METHOD_MISSED,METHOD_COVERED
ClubeDesportivo,upskill.clubedesportivo,ClubeDesportivo,129,0,12,0,35,0,19,0,13,0
ClubeDesportivo,upskill.clubedesportivo,AtletaAmador,45,50,4,2,22,10,14,4,12,3
ClubeDesportivo,upskill.clubedesportivo,Atleta,170,166,26,16,46,34,33,14,17,9
ClubeDesportivo,upskill.clubedesportivo,AtletaPro,86,36,10,0,25,8,15,3,10,3
ClubeDesportivo,upskill.clubedesportivo,MainClubeDesportivo,314,0,40,0,57,0,28,0,5,0
ClubeDesportivo,upskill.clubedesportivo,AtletaNaoPro,89,49,10,6,34,10,24,5,18,3
ClubeDesportivo,upskill.clubedesportivo,AtletaSemiPro,29,26,4,0,14,5,9,3,7,3
