<?xml version="1.0" encoding="UTF-8" ?>
<testsuite tests="8" failures="1" name="upskill.clubedesportivo.ClubeDesportivoTest" time="0.038" errors="0" skipped="0">
  <properties>
[...]
</properties>
  <testcase classname="upskill.clubedesportivo.ClubeDesportivoTest" name="upskill.clubedesportivo.ClubeDesportivoTest.testOrdenarCategoriaModalidadeNome" time="0"/>
  <testcase classname="upskill.clubedesportivo.ClubeDesportivoTest" name="upskill.clubedesportivo.ClubeDesportivoTest.testEqualsSameInstance" time="0.016"/>
  <testcase classname="upskill.clubedesportivo.ClubeDesportivoTest" name="upskill.clubedesportivo.ClubeDesportivoTest.testEqualsDifAtt" time="0"/>
  <testcase classname="upskill.clubedesportivo.ClubeDesportivoTest" name="upskill.clubedesportivo.ClubeDesportivoTest.testInserirAtleta" time="0"/>
  <testcase classname="upskill.clubedesportivo.ClubeDesportivoTest" name="upskill.clubedesportivo.ClubeDesportivoTest.testCalcularTotalIRS" time="0.022">
    <failure message="expected: &lt;150.0&gt; but was: &lt;870.0&gt;" type="org.opentest4j.AssertionFailedError">org.opentest4j.AssertionFailedError: expected: &lt;150.0&gt; but was: &lt;870.0&gt;
	at org.junit.jupiter.api.AssertionUtils.fail(AssertionUtils.java:55)
	at org.junit.jupiter.api.AssertionUtils.failNotEqual(AssertionUtils.java:62)
	at org.junit.jupiter.api.AssertEquals.assertEquals(AssertEquals.java:70)
	at org.junit.jupiter.api.AssertEquals.assertEquals(AssertEquals.java:65)
	at org.junit.jupiter.api.Assertions.assertEquals(Assertions.java:868)
	at upskill.clubedesportivo.ClubeDesportivoTest.testCalcularTotalIRS(ClubeDesportivoTest.java:205)
</failure>
    <system-out>[Atleta Amador: nome: Daniel, Atleta Amador: nome: Flávia, Atleta Amador: nome: Ana, Atleta Amador: nome: Carlos, Atleta Amador: nome: Miguel, Atleta Amador: nome: Rui, Atleta profissional: nome: Daniel, parcelaFixa: 600.00, Atleta profissional: nome: Flávia, parcelaFixa: 600.00, Atleta profissional: nome: Ana, parcelaFixa: 600.00, Atleta profissional: nome: Carlos, parcelaFixa: 600.00, Atleta profissional: nome: Miguel, parcelaFixa: 600.00, Atleta profissional: nome: Rui, parcelaFixa: 600.00, Atleta Semi Profissional: nome: José, Atleta Semi Profissional: nome: João, Atleta Semi Profissional: nome: Bruno, Atleta Semi Profissional: nome: Diogo, Atleta Semi Profissional: nome: Maria, Atleta Semi Profissional: nome: Tozé, Atleta profissional: nome: Carlos, parcelaFixa: 600.00, Atleta profissional: nome: A, parcelaFixa: 600.00, Atleta Semi Profissional: nome: B, Atleta Amador: nome: C, Atleta profissional: nome: D, parcelaFixa: 400.00]
Valor IRS:60.0
Valor IRS:120.0
Valor IRS:180.0
Valor IRS:240.0
Valor IRS:300.0
Valor IRS:360.0
Valor IRS:410.0
Valor IRS:460.0
Valor IRS:510.0
Valor IRS:560.0
Valor IRS:610.0
Valor IRS:660.0
Valor IRS:720.0
Valor IRS:780.0
Valor IRS:830.0
Valor IRS:870.0
</system-out>
  </testcase>
  <testcase classname="upskill.clubedesportivo.ClubeDesportivoTest" name="upskill.clubedesportivo.ClubeDesportivoTest.testOrdenarAlfabeticamenteNome" time="0"/>
  <testcase classname="upskill.clubedesportivo.ClubeDesportivoTest" name="upskill.clubedesportivo.ClubeDesportivoTest.testEqualsDifClass" time="0"/>
  <testcase classname="upskill.clubedesportivo.ClubeDesportivoTest" name="upskill.clubedesportivo.ClubeDesportivoTest.testOrdenarInversamentePremios" time="0"/>
</testsuite>